c:\users\rbrow\onedrive\desktop\cavestory\cavestory\cavestory\debug\vc141.pdb
c:\users\rbrow\onedrive\desktop\cavestory\cavestory\cavestory\debug\vc141.idb
c:\users\rbrow\onedrive\desktop\cavestory\cavestory\cavestory\debug\main.obj
c:\users\rbrow\onedrive\desktop\cavestory\cavestory\cavestory\debug\level.obj
c:\users\rbrow\onedrive\desktop\cavestory\cavestory\cavestory\debug\game.obj
c:\users\rbrow\onedrive\desktop\cavestory\cavestory\cavestory\debug\sprite.obj
c:\users\rbrow\onedrive\desktop\cavestory\cavestory\cavestory\debug\player.obj
c:\users\rbrow\onedrive\desktop\cavestory\cavestory\cavestory\debug\input.obj
c:\users\rbrow\onedrive\desktop\cavestory\cavestory\cavestory\debug\graphics.obj
c:\users\rbrow\onedrive\desktop\cavestory\cavestory\cavestory\debug\animatedsprite.obj
c:\users\rbrow\onedrive\desktop\cavestory\cavestory\cavestory\debug\tinyxml2.obj
c:\users\rbrow\onedrive\desktop\cavestory\cavestory\cavestory\debug\tile.obj
c:\users\rbrow\onedrive\desktop\cavestory\cavestory\debug\cavestory.exe
c:\users\rbrow\onedrive\desktop\cavestory\cavestory\debug\cavestory.ilk
c:\users\rbrow\onedrive\desktop\cavestory\cavestory\debug\cavestory.pdb
c:\users\rbrow\onedrive\desktop\cavestory\cavestory\cavestory\debug\cavestory.res
c:\users\rbrow\onedrive\desktop\cavestory\cavestory\cavestory\debug\cavestory.tlog\cl.command.1.tlog
c:\users\rbrow\onedrive\desktop\cavestory\cavestory\cavestory\debug\cavestory.tlog\cl.read.1.tlog
c:\users\rbrow\onedrive\desktop\cavestory\cavestory\cavestory\debug\cavestory.tlog\cl.write.1.tlog
c:\users\rbrow\onedrive\desktop\cavestory\cavestory\cavestory\debug\cavestory.tlog\link.command.1.tlog
c:\users\rbrow\onedrive\desktop\cavestory\cavestory\cavestory\debug\cavestory.tlog\link.read.1.tlog
c:\users\rbrow\onedrive\desktop\cavestory\cavestory\cavestory\debug\cavestory.tlog\link.write.1.tlog
c:\users\rbrow\onedrive\desktop\cavestory\cavestory\cavestory\debug\cavestory.tlog\rc.command.1.tlog
c:\users\rbrow\onedrive\desktop\cavestory\cavestory\cavestory\debug\cavestory.tlog\rc.read.1.tlog
c:\users\rbrow\onedrive\desktop\cavestory\cavestory\cavestory\debug\cavestory.tlog\rc.write.1.tlog
